This file contains any messages produced by compilers while
running configure, to aid debugging if configure makes a mistake.

It was created by odpc configure 2.0.2, which was
generated by GNU Autoconf 2.69.  Invocation command line was

  $ ./configure 

## --------- ##
## Platform. ##
## --------- ##

hostname = ml-experiments
uname -m = x86_64
uname -r = 5.4.0-52-generic
uname -s = Linux
uname -v = #57-Ubuntu SMP Thu Oct 15 10:57:00 UTC 2020

/usr/bin/uname -p = x86_64
/bin/uname -X     = unknown

/bin/arch              = x86_64
/usr/bin/arch -k       = unknown
/usr/convex/getsysinfo = unknown
/usr/bin/hostinfo      = unknown
/bin/machine           = unknown
/usr/bin/oslevel       = unknown
/bin/universe          = unknown

PATH: /home/akhila/anaconda3/bin
PATH: /usr/local/sbin
PATH: /usr/local/bin
PATH: /usr/sbin
PATH: /usr/bin
PATH: /sbin
PATH: /bin
PATH: /usr/games
PATH: /usr/local/games
PATH: /snap/bin
PATH: /home/akhila/.dotnet/tools


## ----------- ##
## Core tests. ##
## ----------- ##

configure:2310: checking for gcc
configure:2337: result: gcc -std=gnu99
configure:2566: checking for C compiler version
configure:2575: gcc -std=gnu99 --version >&5
gcc (Ubuntu 9.3.0-17ubuntu1~20.04) 9.3.0
Copyright (C) 2019 Free Software Foundation, Inc.
This is free software; see the source for copying conditions.  There is NO
warranty; not even for MERCHANTABILITY or FITNESS FOR A PARTICULAR PURPOSE.

configure:2586: $? = 0
configure:2575: gcc -std=gnu99 -v >&5
Using built-in specs.
COLLECT_GCC=gcc
COLLECT_LTO_WRAPPER=/usr/lib/gcc/x86_64-linux-gnu/9/lto-wrapper
OFFLOAD_TARGET_NAMES=nvptx-none:hsa
OFFLOAD_TARGET_DEFAULT=1
Target: x86_64-linux-gnu
Configured with: ../src/configure -v --with-pkgversion='Ubuntu 9.3.0-17ubuntu1~20.04' --with-bugurl=file:///usr/share/doc/gcc-9/README.Bugs --enable-languages=c,ada,c++,go,brig,d,fortran,objc,obj-c++,gm2 --prefix=/usr --with-gcc-major-version-only --program-suffix=-9 --program-prefix=x86_64-linux-gnu- --enable-shared --enable-linker-build-id --libexecdir=/usr/lib --without-included-gettext --enable-threads=posix --libdir=/usr/lib --enable-nls --enable-clocale=gnu --enable-libstdcxx-debug --enable-libstdcxx-time=yes --with-default-libstdcxx-abi=new --enable-gnu-unique-object --disable-vtable-verify --enable-plugin --enable-default-pie --with-system-zlib --with-target-system-zlib=auto --enable-objc-gc=auto --enable-multiarch --disable-werror --with-arch-32=i686 --with-abi=m64 --with-multilib-list=m32,m64,mx32 --enable-multilib --with-tune=generic --enable-offload-targets=nvptx-none=/build/gcc-9-HskZEa/gcc-9-9.3.0/debian/tmp-nvptx/usr,hsa --without-cuda-driver --enable-checking=release --build=x86_64-linux-gnu --host=x86_64-linux-gnu --target=x86_64-linux-gnu
Thread model: posix
gcc version 9.3.0 (Ubuntu 9.3.0-17ubuntu1~20.04) 
configure:2586: $? = 0
configure:2575: gcc -std=gnu99 -V >&5
gcc: error: unrecognized command line option '-V'
gcc: fatal error: no input files
compilation terminated.
configure:2586: $? = 1
configure:2575: gcc -std=gnu99 -qversion >&5
gcc: error: unrecognized command line option '-qversion'; did you mean '--version'?
gcc: fatal error: no input files
compilation terminated.
configure:2586: $? = 1
configure:2606: checking whether the C compiler works
configure:2628: gcc -std=gnu99    conftest.c  >&5
configure:2632: $? = 0
configure:2680: result: yes
configure:2683: checking for C compiler default output file name
configure:2685: result: a.out
configure:2691: checking for suffix of executables
configure:2698: gcc -std=gnu99 -o conftest    conftest.c  >&5
configure:2702: $? = 0
configure:2724: result: 
configure:2746: checking whether we are cross compiling
configure:2754: gcc -std=gnu99 -o conftest    conftest.c  >&5
configure:2758: $? = 0
configure:2765: ./conftest
configure:2769: $? = 0
configure:2757: result: no
configure:2762: checking for suffix of object files
configure:2784: gcc -std=gnu99 -c   conftest.c >&5
configure:2788: $? = 0
configure:2809: result: o
configure:2813: checking whether we are using the GNU C compiler
configure:2832: gcc -std=gnu99 -c   conftest.c >&5
configure:2832: $? = 0
configure:2841: result: yes
configure:2850: checking whether gcc -std=gnu99 accepts -g
configure:2870: gcc -std=gnu99 -c -g  conftest.c >&5
configure:2870: $? = 0
configure:2911: result: yes
configure:2928: checking for gcc -std=gnu99 option to accept ISO C89
configure:2991: gcc -std=gnu99  -c -g -O2  conftest.c >&5
configure:2991: $? = 0
configure:3004: result: none needed
configure:3029: checking how to run the C preprocessor
configure:3060: gcc -std=gnu99 -E  conftest.c
configure:3060: $? = 0
configure:3074: gcc -std=gnu99 -E  conftest.c
conftest.c:9:10: fatal error: ac_nonexistent.h: No such file or directory
    9 | #include <ac_nonexistent.h>
      |          ^~~~~~~~~~~~~~~~~~
compilation terminated.
configure:3074: $? = 1
configure: failed program was:
| /* confdefs.h */
| #define PACKAGE_NAME "odpc"
| #define PACKAGE_TARNAME "odpc"
| #define PACKAGE_VERSION "2.0.2"
| #define PACKAGE_STRING "odpc 2.0.2"
| #define PACKAGE_BUGREPORT ""
| #define PACKAGE_URL ""
| /* end confdefs.h.  */
| #include <ac_nonexistent.h>
configure:3099: result: gcc -std=gnu99 -E
configure:3119: gcc -std=gnu99 -E  conftest.c
configure:3119: $? = 0
configure:3133: gcc -std=gnu99 -E  conftest.c
conftest.c:9:10: fatal error: ac_nonexistent.h: No such file or directory
    9 | #include <ac_nonexistent.h>
      |          ^~~~~~~~~~~~~~~~~~
compilation terminated.
configure:3133: $? = 1
configure: failed program was:
| /* confdefs.h */
| #define PACKAGE_NAME "odpc"
| #define PACKAGE_TARNAME "odpc"
| #define PACKAGE_VERSION "2.0.2"
| #define PACKAGE_STRING "odpc 2.0.2"
| #define PACKAGE_BUGREPORT ""
| #define PACKAGE_URL ""
| /* end confdefs.h.  */
| #include <ac_nonexistent.h>
configure:3273: checking for C++ compiler version
configure:3282: g++ -std=gnu++11 --version >&5
g++ (Ubuntu 9.3.0-17ubuntu1~20.04) 9.3.0
Copyright (C) 2019 Free Software Foundation, Inc.
This is free software; see the source for copying conditions.  There is NO
warranty; not even for MERCHANTABILITY or FITNESS FOR A PARTICULAR PURPOSE.

configure:3293: $? = 0
configure:3282: g++ -std=gnu++11 -v >&5
Using built-in specs.
COLLECT_GCC=g++
COLLECT_LTO_WRAPPER=/usr/lib/gcc/x86_64-linux-gnu/9/lto-wrapper
OFFLOAD_TARGET_NAMES=nvptx-none:hsa
OFFLOAD_TARGET_DEFAULT=1
Target: x86_64-linux-gnu
Configured with: ../src/configure -v --with-pkgversion='Ubuntu 9.3.0-17ubuntu1~20.04' --with-bugurl=file:///usr/share/doc/gcc-9/README.Bugs --enable-languages=c,ada,c++,go,brig,d,fortran,objc,obj-c++,gm2 --prefix=/usr --with-gcc-major-version-only --program-suffix=-9 --program-prefix=x86_64-linux-gnu- --enable-shared --enable-linker-build-id --libexecdir=/usr/lib --without-included-gettext --enable-threads=posix --libdir=/usr/lib --enable-nls --enable-clocale=gnu --enable-libstdcxx-debug --enable-libstdcxx-time=yes --with-default-libstdcxx-abi=new --enable-gnu-unique-object --disable-vtable-verify --enable-plugin --enable-default-pie --with-system-zlib --with-target-system-zlib=auto --enable-objc-gc=auto --enable-multiarch --disable-werror --with-arch-32=i686 --with-abi=m64 --with-multilib-list=m32,m64,mx32 --enable-multilib --with-tune=generic --enable-offload-targets=nvptx-none=/build/gcc-9-HskZEa/gcc-9-9.3.0/debian/tmp-nvptx/usr,hsa --without-cuda-driver --enable-checking=release --build=x86_64-linux-gnu --host=x86_64-linux-gnu --target=x86_64-linux-gnu
Thread model: posix
gcc version 9.3.0 (Ubuntu 9.3.0-17ubuntu1~20.04) 
configure:3293: $? = 0
configure:3282: g++ -std=gnu++11 -V >&5
g++: error: unrecognized command line option '-V'
g++: fatal error: no input files
compilation terminated.
configure:3293: $? = 1
configure:3282: g++ -std=gnu++11 -qversion >&5
g++: error: unrecognized command line option '-qversion'; did you mean '--version'?
g++: fatal error: no input files
compilation terminated.
configure:3293: $? = 1
configure:3297: checking whether we are using the GNU C++ compiler
configure:3316: g++ -std=gnu++11 -c -g -O2 -fdebug-prefix-map=/build/r-base-8T8CYO/r-base-4.0.3=. -fstack-protector-strong -Wformat -Werror=format-security -Wdate-time -D_FORTIFY_SOURCE=2 -g  conftest.cpp >&5
configure:3316: $? = 0
configure:3325: result: yes
configure:3334: checking whether g++ -std=gnu++11 accepts -g
configure:3354: g++ -std=gnu++11 -c -g  conftest.cpp >&5
configure:3354: $? = 0
configure:3395: result: yes
configure:3432: checking for grep that handles long lines and -e
configure:3490: result: /usr/bin/grep
configure:3495: checking for egrep
configure:3557: result: /usr/bin/grep -E
configure:3562: checking for ANSI C header files
configure:3582: gcc -std=gnu99 -c -g -O2  conftest.c >&5
configure:3582: $? = 0
configure:3655: gcc -std=gnu99 -o conftest -g -O2   conftest.c  >&5
configure:3655: $? = 0
configure:3655: ./conftest
configure:3655: $? = 0
configure:3666: result: yes
configure:3679: checking for sys/types.h
configure:3679: gcc -std=gnu99 -c -g -O2  conftest.c >&5
configure:3679: $? = 0
configure:3679: result: yes
configure:3679: checking for sys/stat.h
configure:3679: gcc -std=gnu99 -c -g -O2  conftest.c >&5
configure:3679: $? = 0
configure:3679: result: yes
configure:3679: checking for stdlib.h
configure:3679: gcc -std=gnu99 -c -g -O2  conftest.c >&5
configure:3679: $? = 0
configure:3679: result: yes
configure:3679: checking for string.h
configure:3679: gcc -std=gnu99 -c -g -O2  conftest.c >&5
configure:3679: $? = 0
configure:3679: result: yes
configure:3679: checking for memory.h
configure:3679: gcc -std=gnu99 -c -g -O2  conftest.c >&5
configure:3679: $? = 0
configure:3679: result: yes
configure:3679: checking for strings.h
configure:3679: gcc -std=gnu99 -c -g -O2  conftest.c >&5
configure:3679: $? = 0
configure:3679: result: yes
configure:3679: checking for inttypes.h
configure:3679: gcc -std=gnu99 -c -g -O2  conftest.c >&5
configure:3679: $? = 0
configure:3679: result: yes
configure:3679: checking for stdint.h
configure:3679: gcc -std=gnu99 -c -g -O2  conftest.c >&5
configure:3679: $? = 0
configure:3679: result: yes
configure:3679: checking for unistd.h
configure:3679: gcc -std=gnu99 -c -g -O2  conftest.c >&5
configure:3679: $? = 0
configure:3679: result: yes
configure:3694: checking for stdint.h
configure:3694: result: yes
configure:3694: checking for inttypes.h
configure:3694: result: yes
configure:3694: checking limits.h usability
configure:3694: gcc -std=gnu99 -c -g -O2  conftest.c >&5
configure:3694: $? = 0
configure:3694: result: yes
configure:3694: checking limits.h presence
configure:3694: gcc -std=gnu99 -E  conftest.c
configure:3694: $? = 0
configure:3694: result: yes
configure:3694: checking for limits.h
configure:3694: result: yes
configure:3694: checking float.h usability
configure:3694: gcc -std=gnu99 -c -g -O2  conftest.c >&5
configure:3694: $? = 0
configure:3694: result: yes
configure:3694: checking float.h presence
configure:3694: gcc -std=gnu99 -E  conftest.c
configure:3694: $? = 0
configure:3694: result: yes
configure:3694: checking for float.h
configure:3694: result: yes
configure:3710: checking whether C supports -restrict
configure:3723: gcc -std=gnu99 -c -g -O2 -restrict  conftest.c >&5
gcc: error: unrecognized command line option '-restrict'; did you mean '-Wrestrict'?
configure:3723: $? = 1
configure: failed program was:
| /* confdefs.h */
| #define PACKAGE_NAME "odpc"
| #define PACKAGE_TARNAME "odpc"
| #define PACKAGE_VERSION "2.0.2"
| #define PACKAGE_STRING "odpc 2.0.2"
| #define PACKAGE_BUGREPORT ""
| #define PACKAGE_URL ""
| #define STDC_HEADERS 1
| #define HAVE_SYS_TYPES_H 1
| #define HAVE_SYS_STAT_H 1
| #define HAVE_STDLIB_H 1
| #define HAVE_STRING_H 1
| #define HAVE_MEMORY_H 1
| #define HAVE_STRINGS_H 1
| #define HAVE_INTTYPES_H 1
| #define HAVE_STDINT_H 1
| #define HAVE_UNISTD_H 1
| #define HAVE_STDINT_H 1
| #define HAVE_INTTYPES_H 1
| #define HAVE_LIMITS_H 1
| #define HAVE_FLOAT_H 1
| /* end confdefs.h.  */
| 
| int
| main ()
| {
| 
|   ;
|   return 0;
| }
configure:3728: result: no
configure:3747: checking for gcc -std=gnu99 option to support OpenMP
configure:3762: gcc -std=gnu99 -o conftest -g -O2   conftest.c  >&5
conftest.c:25:2: error: unknown type name 'choke'
   25 |  choke me
      |  ^~~~~
conftest.c:25:10: error: expected ';' before 'typedef'
   25 |  choke me
      |          ^
      |          ;
configure:3762: $? = 1
configure: failed program was:
| /* confdefs.h */
| #define PACKAGE_NAME "odpc"
| #define PACKAGE_TARNAME "odpc"
| #define PACKAGE_VERSION "2.0.2"
| #define PACKAGE_STRING "odpc 2.0.2"
| #define PACKAGE_BUGREPORT ""
| #define PACKAGE_URL ""
| #define STDC_HEADERS 1
| #define HAVE_SYS_TYPES_H 1
| #define HAVE_SYS_STAT_H 1
| #define HAVE_STDLIB_H 1
| #define HAVE_STRING_H 1
| #define HAVE_MEMORY_H 1
| #define HAVE_STRINGS_H 1
| #define HAVE_INTTYPES_H 1
| #define HAVE_STDINT_H 1
| #define HAVE_UNISTD_H 1
| #define HAVE_STDINT_H 1
| #define HAVE_INTTYPES_H 1
| #define HAVE_LIMITS_H 1
| #define HAVE_FLOAT_H 1
| /* end confdefs.h.  */
| 
| #ifndef _OPENMP
|  choke me
| #endif
| #include <omp.h>
| int main () { return omp_get_num_threads (); }
| 
configure:3780: gcc -std=gnu99 -o conftest -g -O2 -fopenmp   conftest.c  >&5
configure:3780: $? = 0
configure:3794: result: -fopenmp
configure:3810: checking if OpenMP works in C
gcc -std=gnu99 -I"/usr/share/R/include" -DNDEBUG     -fopenmp -fpic  -g -O2 -fdebug-prefix-map=/build/r-base-8T8CYO/r-base-4.0.3=. -fstack-protector-strong -Wformat -Werror=format-security -Wdate-time -D_FORTIFY_SOURCE=2 -g  -c conftest.c -o conftest.o
gcc -std=gnu99 -shared -L/usr/lib/R/lib -Wl,-Bsymbolic-functions -Wl,-z,relro -o conftest.so conftest.o -fopenmp -L/usr/lib/R/lib -lR
> dyn.load(paste('conftest',.Platform$dynlib.ext,sep=''))
> 
> 
configure:3824: result: yes
configure:3856: checking how to run the C++ preprocessor
configure:3883: g++ -std=gnu++11 -E  conftest.cpp
configure:3883: $? = 0
configure:3897: g++ -std=gnu++11 -E  conftest.cpp
conftest.cpp:24:10: fatal error: ac_nonexistent.h: No such file or directory
   24 | #include <ac_nonexistent.h>
      |          ^~~~~~~~~~~~~~~~~~
compilation terminated.
configure:3897: $? = 1
configure: failed program was:
| /* confdefs.h */
| #define PACKAGE_NAME "odpc"
| #define PACKAGE_TARNAME "odpc"
| #define PACKAGE_VERSION "2.0.2"
| #define PACKAGE_STRING "odpc 2.0.2"
| #define PACKAGE_BUGREPORT ""
| #define PACKAGE_URL ""
| #define STDC_HEADERS 1
| #define HAVE_SYS_TYPES_H 1
| #define HAVE_SYS_STAT_H 1
| #define HAVE_STDLIB_H 1
| #define HAVE_STRING_H 1
| #define HAVE_MEMORY_H 1
| #define HAVE_STRINGS_H 1
| #define HAVE_INTTYPES_H 1
| #define HAVE_STDINT_H 1
| #define HAVE_UNISTD_H 1
| #define HAVE_STDINT_H 1
| #define HAVE_INTTYPES_H 1
| #define HAVE_LIMITS_H 1
| #define HAVE_FLOAT_H 1
| #define HAVE_OPENMP_C 1
| /* end confdefs.h.  */
| #include <ac_nonexistent.h>
configure:3922: result: g++ -std=gnu++11 -E
configure:3942: g++ -std=gnu++11 -E  conftest.cpp
configure:3942: $? = 0
configure:3956: g++ -std=gnu++11 -E  conftest.cpp
conftest.cpp:24:10: fatal error: ac_nonexistent.h: No such file or directory
   24 | #include <ac_nonexistent.h>
      |          ^~~~~~~~~~~~~~~~~~
compilation terminated.
configure:3956: $? = 1
configure: failed program was:
| /* confdefs.h */
| #define PACKAGE_NAME "odpc"
| #define PACKAGE_TARNAME "odpc"
| #define PACKAGE_VERSION "2.0.2"
| #define PACKAGE_STRING "odpc 2.0.2"
| #define PACKAGE_BUGREPORT ""
| #define PACKAGE_URL ""
| #define STDC_HEADERS 1
| #define HAVE_SYS_TYPES_H 1
| #define HAVE_SYS_STAT_H 1
| #define HAVE_STDLIB_H 1
| #define HAVE_STRING_H 1
| #define HAVE_MEMORY_H 1
| #define HAVE_STRINGS_H 1
| #define HAVE_INTTYPES_H 1
| #define HAVE_STDINT_H 1
| #define HAVE_UNISTD_H 1
| #define HAVE_STDINT_H 1
| #define HAVE_INTTYPES_H 1
| #define HAVE_LIMITS_H 1
| #define HAVE_FLOAT_H 1
| #define HAVE_OPENMP_C 1
| /* end confdefs.h.  */
| #include <ac_nonexistent.h>
configure:3988: checking for stdint.h
configure:3988: result: yes
configure:3988: checking for inttypes.h
configure:3988: result: yes
configure:3988: checking climits usability
configure:3988: g++ -std=gnu++11 -c -g -O2 -fdebug-prefix-map=/build/r-base-8T8CYO/r-base-4.0.3=. -fstack-protector-strong -Wformat -Werror=format-security -Wdate-time -D_FORTIFY_SOURCE=2 -g  conftest.cpp >&5
configure:3988: $? = 0
configure:3988: result: yes
configure:3988: checking climits presence
configure:3988: g++ -std=gnu++11 -E  conftest.cpp
configure:3988: $? = 0
configure:3988: result: yes
configure:3988: checking for climits
configure:3988: result: yes
configure:3988: checking cfloat usability
configure:3988: g++ -std=gnu++11 -c -g -O2 -fdebug-prefix-map=/build/r-base-8T8CYO/r-base-4.0.3=. -fstack-protector-strong -Wformat -Werror=format-security -Wdate-time -D_FORTIFY_SOURCE=2 -g  conftest.cpp >&5
configure:3988: $? = 0
configure:3988: result: yes
configure:3988: checking cfloat presence
configure:3988: g++ -std=gnu++11 -E  conftest.cpp
configure:3988: $? = 0
configure:3988: result: yes
configure:3988: checking for cfloat
configure:3988: result: yes
configure:4005: checking whether C++ supports restrict keyword
configure:4020: g++ -std=gnu++11 -c -g -O2 -fdebug-prefix-map=/build/r-base-8T8CYO/r-base-4.0.3=. -fstack-protector-strong -Wformat -Werror=format-security -Wdate-time -D_FORTIFY_SOURCE=2 -g  conftest.cpp >&5
conftest.cpp: In function 'int main()':
conftest.cpp:34:18: error: expected initializer before 'ptr'
   34 | double *restrict ptr;
      |                  ^~~
configure:4020: $? = 1
configure: failed program was:
| /* confdefs.h */
| #define PACKAGE_NAME "odpc"
| #define PACKAGE_TARNAME "odpc"
| #define PACKAGE_VERSION "2.0.2"
| #define PACKAGE_STRING "odpc 2.0.2"
| #define PACKAGE_BUGREPORT ""
| #define PACKAGE_URL ""
| #define STDC_HEADERS 1
| #define HAVE_SYS_TYPES_H 1
| #define HAVE_SYS_STAT_H 1
| #define HAVE_STDLIB_H 1
| #define HAVE_STRING_H 1
| #define HAVE_MEMORY_H 1
| #define HAVE_STRINGS_H 1
| #define HAVE_INTTYPES_H 1
| #define HAVE_STDINT_H 1
| #define HAVE_UNISTD_H 1
| #define HAVE_STDINT_H 1
| #define HAVE_INTTYPES_H 1
| #define HAVE_LIMITS_H 1
| #define HAVE_FLOAT_H 1
| #define HAVE_OPENMP_C 1
| #define HAVE_STDINT_H 1
| #define HAVE_INTTYPES_H 1
| #define HAVE_CLIMITS 1
| #define HAVE_CFLOAT 1
| #define RESTRICT /**/
| /* end confdefs.h.  */
| 
| 
| int
| main ()
| {
| double *restrict ptr;
|   ;
|   return 0;
| }
| 
configure:4029: result: no
configure:4036: checking whether C++ supports __restrict__ keyword
configure:4051: g++ -std=gnu++11 -c -g -O2 -fdebug-prefix-map=/build/r-base-8T8CYO/r-base-4.0.3=. -fstack-protector-strong -Wformat -Werror=format-security -Wdate-time -D_FORTIFY_SOURCE=2 -g  conftest.cpp >&5
configure:4051: $? = 0
configure:4053: result: yes
configure:4104: checking whether C++ supports -restrict
configure:4117: g++ -std=gnu++11 -c -g -O2 -fdebug-prefix-map=/build/r-base-8T8CYO/r-base-4.0.3=. -fstack-protector-strong -Wformat -Werror=format-security -Wdate-time -D_FORTIFY_SOURCE=2 -g -restrict  conftest.cpp >&5
g++: error: unrecognized command line option '-restrict'; did you mean '-Wrestrict'?
configure:4117: $? = 1
configure: failed program was:
| /* confdefs.h */
| #define PACKAGE_NAME "odpc"
| #define PACKAGE_TARNAME "odpc"
| #define PACKAGE_VERSION "2.0.2"
| #define PACKAGE_STRING "odpc 2.0.2"
| #define PACKAGE_BUGREPORT ""
| #define PACKAGE_URL ""
| #define STDC_HEADERS 1
| #define HAVE_SYS_TYPES_H 1
| #define HAVE_SYS_STAT_H 1
| #define HAVE_STDLIB_H 1
| #define HAVE_STRING_H 1
| #define HAVE_MEMORY_H 1
| #define HAVE_STRINGS_H 1
| #define HAVE_INTTYPES_H 1
| #define HAVE_STDINT_H 1
| #define HAVE_UNISTD_H 1
| #define HAVE_STDINT_H 1
| #define HAVE_INTTYPES_H 1
| #define HAVE_LIMITS_H 1
| #define HAVE_FLOAT_H 1
| #define HAVE_OPENMP_C 1
| #define HAVE_STDINT_H 1
| #define HAVE_INTTYPES_H 1
| #define HAVE_CLIMITS 1
| #define HAVE_CFLOAT 1
| #define RESTRICT /**/
| #define RESTRICT __restrict__
| /* end confdefs.h.  */
| 
| int
| main ()
| {
| 
|   ;
|   return 0;
| }
configure:4122: result: no
configure:4142: checking for g++ -std=gnu++11 option to support OpenMP
configure:4157: g++ -std=gnu++11 -o conftest -g -O2 -fdebug-prefix-map=/build/r-base-8T8CYO/r-base-4.0.3=. -fstack-protector-strong -Wformat -Werror=format-security -Wdate-time -D_FORTIFY_SOURCE=2 -g   conftest.cpp  >&5
conftest.cpp:28: warning: "RESTRICT" redefined
   28 | #define RESTRICT __restrict__
      | 
conftest.cpp:27: note: this is the location of the previous definition
   27 | #define RESTRICT /**/
      | 
conftest.cpp:32:2: error: 'choke' does not name a type
   32 |  choke me
      |  ^~~~~
In file included from conftest.cpp:34:
/usr/lib/gcc/x86_64-linux-gnu/9/include/omp.h:39:3: error: 'omp_lock_t' does not name a type
   39 | } omp_lock_t;
      |   ^~~~~~~~~~
/usr/lib/gcc/x86_64-linux-gnu/9/include/omp.h:125:28: error: variable or field 'omp_init_lock' declared void
  125 | extern void omp_init_lock (omp_lock_t *) __GOMP_NOTHROW;
      |                            ^~~~~~~~~~
/usr/lib/gcc/x86_64-linux-gnu/9/include/omp.h:125:28: error: 'omp_lock_t' was not declared in this scope; did you mean 'omp_lock_hint_t'?
  125 | extern void omp_init_lock (omp_lock_t *) __GOMP_NOTHROW;
      |                            ^~~~~~~~~~
      |                            omp_lock_hint_t
/usr/lib/gcc/x86_64-linux-gnu/9/include/omp.h:125:40: error: expected primary-expression before ')' token
  125 | extern void omp_init_lock (omp_lock_t *) __GOMP_NOTHROW;
      |                                        ^
/usr/lib/gcc/x86_64-linux-gnu/9/include/omp.h:126:38: error: variable or field 'omp_init_lock_with_hint' declared void
  126 | extern void omp_init_lock_with_hint (omp_lock_t *, omp_sync_hint_t)
      |                                      ^~~~~~~~~~
/usr/lib/gcc/x86_64-linux-gnu/9/include/omp.h:126:38: error: 'omp_lock_t' was not declared in this scope; did you mean 'omp_lock_hint_t'?
  126 | extern void omp_init_lock_with_hint (omp_lock_t *, omp_sync_hint_t)
      |                                      ^~~~~~~~~~
      |                                      omp_lock_hint_t
/usr/lib/gcc/x86_64-linux-gnu/9/include/omp.h:126:50: error: expected primary-expression before ',' token
  126 | extern void omp_init_lock_with_hint (omp_lock_t *, omp_sync_hint_t)
      |                                                  ^
/usr/lib/gcc/x86_64-linux-gnu/9/include/omp.h:126:67: error: expected primary-expression before ')' token
  126 | extern void omp_init_lock_with_hint (omp_lock_t *, omp_sync_hint_t)
      |                                                                   ^
/usr/lib/gcc/x86_64-linux-gnu/9/include/omp.h:128:31: error: variable or field 'omp_destroy_lock' declared void
  128 | extern void omp_destroy_lock (omp_lock_t *) __GOMP_NOTHROW;
      |                               ^~~~~~~~~~
/usr/lib/gcc/x86_64-linux-gnu/9/include/omp.h:128:31: error: 'omp_lock_t' was not declared in this scope; did you mean 'omp_lock_hint_t'?
  128 | extern void omp_destroy_lock (omp_lock_t *) __GOMP_NOTHROW;
      |                               ^~~~~~~~~~
      |                               omp_lock_hint_t
/usr/lib/gcc/x86_64-linux-gnu/9/include/omp.h:128:43: error: expected primary-expression before ')' token
  128 | extern void omp_destroy_lock (omp_lock_t *) __GOMP_NOTHROW;
      |                                           ^
/usr/lib/gcc/x86_64-linux-gnu/9/include/omp.h:129:27: error: variable or field 'omp_set_lock' declared void
  129 | extern void omp_set_lock (omp_lock_t *) __GOMP_NOTHROW;
      |                           ^~~~~~~~~~
/usr/lib/gcc/x86_64-linux-gnu/9/include/omp.h:129:27: error: 'omp_lock_t' was not declared in this scope; did you mean 'omp_lock_hint_t'?
  129 | extern void omp_set_lock (omp_lock_t *) __GOMP_NOTHROW;
      |                           ^~~~~~~~~~
      |                           omp_lock_hint_t
/usr/lib/gcc/x86_64-linux-gnu/9/include/omp.h:129:39: error: expected primary-expression before ')' token
  129 | extern void omp_set_lock (omp_lock_t *) __GOMP_NOTHROW;
      |                                       ^
/usr/lib/gcc/x86_64-linux-gnu/9/include/omp.h:130:29: error: variable or field 'omp_unset_lock' declared void
  130 | extern void omp_unset_lock (omp_lock_t *) __GOMP_NOTHROW;
      |                             ^~~~~~~~~~
/usr/lib/gcc/x86_64-linux-gnu/9/include/omp.h:130:29: error: 'omp_lock_t' was not declared in this scope; did you mean 'omp_lock_hint_t'?
  130 | extern void omp_unset_lock (omp_lock_t *) __GOMP_NOTHROW;
      |                             ^~~~~~~~~~
      |                             omp_lock_hint_t
/usr/lib/gcc/x86_64-linux-gnu/9/include/omp.h:130:41: error: expected primary-expression before ')' token
  130 | extern void omp_unset_lock (omp_lock_t *) __GOMP_NOTHROW;
      |                                         ^
/usr/lib/gcc/x86_64-linux-gnu/9/include/omp.h:131:27: error: 'omp_lock_t' was not declared in this scope; did you mean 'omp_lock_hint_t'?
  131 | extern int omp_test_lock (omp_lock_t *) __GOMP_NOTHROW;
      |                           ^~~~~~~~~~
      |                           omp_lock_hint_t
/usr/lib/gcc/x86_64-linux-gnu/9/include/omp.h:131:39: error: expected primary-expression before ')' token
  131 | extern int omp_test_lock (omp_lock_t *) __GOMP_NOTHROW;
      |                                       ^
configure:4157: $? = 1
configure: failed program was:
| /* confdefs.h */
| #define PACKAGE_NAME "odpc"
| #define PACKAGE_TARNAME "odpc"
| #define PACKAGE_VERSION "2.0.2"
| #define PACKAGE_STRING "odpc 2.0.2"
| #define PACKAGE_BUGREPORT ""
| #define PACKAGE_URL ""
| #define STDC_HEADERS 1
| #define HAVE_SYS_TYPES_H 1
| #define HAVE_SYS_STAT_H 1
| #define HAVE_STDLIB_H 1
| #define HAVE_STRING_H 1
| #define HAVE_MEMORY_H 1
| #define HAVE_STRINGS_H 1
| #define HAVE_INTTYPES_H 1
| #define HAVE_STDINT_H 1
| #define HAVE_UNISTD_H 1
| #define HAVE_STDINT_H 1
| #define HAVE_INTTYPES_H 1
| #define HAVE_LIMITS_H 1
| #define HAVE_FLOAT_H 1
| #define HAVE_OPENMP_C 1
| #define HAVE_STDINT_H 1
| #define HAVE_INTTYPES_H 1
| #define HAVE_CLIMITS 1
| #define HAVE_CFLOAT 1
| #define RESTRICT /**/
| #define RESTRICT __restrict__
| /* end confdefs.h.  */
| 
| #ifndef _OPENMP
|  choke me
| #endif
| #include <omp.h>
| int main () { return omp_get_num_threads (); }
| 
configure:4175: g++ -std=gnu++11 -o conftest -g -O2 -fdebug-prefix-map=/build/r-base-8T8CYO/r-base-4.0.3=. -fstack-protector-strong -Wformat -Werror=format-security -Wdate-time -D_FORTIFY_SOURCE=2 -g -fopenmp   conftest.cpp  >&5
conftest.cpp:28: warning: "RESTRICT" redefined
   28 | #define RESTRICT __restrict__
      | 
conftest.cpp:27: note: this is the location of the previous definition
   27 | #define RESTRICT /**/
      | 
configure:4175: $? = 0
configure:4189: result: -fopenmp
configure:4205: checking if OpenMP works in C++
gcc -std=gnu99 -I"/usr/share/R/include" -DNDEBUG     -fopenmp -fpic  -g -O2 -fdebug-prefix-map=/build/r-base-8T8CYO/r-base-4.0.3=. -fstack-protector-strong -Wformat -Werror=format-security -Wdate-time -D_FORTIFY_SOURCE=2 -g  -c conftest.c -o conftest.o
gcc -std=gnu99 -shared -L/usr/lib/R/lib -Wl,-Bsymbolic-functions -Wl,-z,relro -o conftest.so conftest.o -fopenmp -L/usr/lib/R/lib -lR
> dyn.load(paste('conftest',.Platform$dynlib.ext,sep=''))
> 
> 
configure:4219: result: yes
configure:4345: creating ./config.status

## ---------------------- ##
## Running config.status. ##
## ---------------------- ##

This file was extended by odpc config.status 2.0.2, which was
generated by GNU Autoconf 2.69.  Invocation command line was

  CONFIG_FILES    = 
  CONFIG_HEADERS  = 
  CONFIG_LINKS    = 
  CONFIG_COMMANDS = 
  $ ./config.status 

on ml-experiments

config.status:815: creating src/Makevars
config.status:815: creating src/autoconfig.h
config.status:985: src/autoconfig.h is unchanged

## ---------------- ##
## Cache variables. ##
## ---------------- ##

ac_cv_c_compiler_gnu=yes
ac_cv_cxx_compiler_gnu=yes
ac_cv_env_CCC_set=
ac_cv_env_CCC_value=
ac_cv_env_CC_set=
ac_cv_env_CC_value=
ac_cv_env_CFLAGS_set=
ac_cv_env_CFLAGS_value=
ac_cv_env_CPPFLAGS_set=
ac_cv_env_CPPFLAGS_value=
ac_cv_env_CPP_set=
ac_cv_env_CPP_value=
ac_cv_env_CXXCPP_set=
ac_cv_env_CXXCPP_value=
ac_cv_env_CXXFLAGS_set=
ac_cv_env_CXXFLAGS_value=
ac_cv_env_CXX_set=
ac_cv_env_CXX_value=
ac_cv_env_LDFLAGS_set=
ac_cv_env_LDFLAGS_value=
ac_cv_env_LIBS_set=
ac_cv_env_LIBS_value=
ac_cv_env_build_alias_set=
ac_cv_env_build_alias_value=
ac_cv_env_host_alias_set=
ac_cv_env_host_alias_value=
ac_cv_env_target_alias_set=
ac_cv_env_target_alias_value=
ac_cv_header_cfloat=yes
ac_cv_header_climits=yes
ac_cv_header_float_h=yes
ac_cv_header_inttypes_h=yes
ac_cv_header_limits_h=yes
ac_cv_header_memory_h=yes
ac_cv_header_stdc=yes
ac_cv_header_stdint_h=yes
ac_cv_header_stdlib_h=yes
ac_cv_header_string_h=yes
ac_cv_header_strings_h=yes
ac_cv_header_sys_stat_h=yes
ac_cv_header_sys_types_h=yes
ac_cv_header_unistd_h=yes
ac_cv_objext=o
ac_cv_path_EGREP='/usr/bin/grep -E'
ac_cv_path_GREP=/usr/bin/grep
ac_cv_prog_CPP='gcc -std=gnu99 -E'
ac_cv_prog_CXXCPP='g++ -std=gnu++11 -E'
ac_cv_prog_ac_ct_CC='gcc -std=gnu99'
ac_cv_prog_c_openmp=-fopenmp
ac_cv_prog_cc_c89=
ac_cv_prog_cc_g=yes
ac_cv_prog_cxx_g=yes
ac_cv_prog_cxx_openmp=-fopenmp

## ----------------- ##
## Output variables. ##
## ----------------- ##

CC='gcc -std=gnu99'
CFLAGS='-g -O2'
CPP='gcc -std=gnu99 -E'
CPPFLAGS=''
CXX='g++ -std=gnu++11'
CXXCPP='g++ -std=gnu++11 -E'
CXXFLAGS='-g -O2 -fdebug-prefix-map=/build/r-base-8T8CYO/r-base-4.0.3=. -fstack-protector-strong -Wformat -Werror=format-security -Wdate-time -D_FORTIFY_SOURCE=2 -g'
DEFS='-DHAVE_CONFIG_H'
ECHO_C=''
ECHO_N='-n'
ECHO_T=''
EGREP='/usr/bin/grep -E'
EXEEXT=''
GREP='/usr/bin/grep'
LDFLAGS=''
LIBOBJS=''
LIBS=''
LTLIBOBJS=''
OBJEXT='o'
OPENMP_CFLAGS='-fopenmp'
OPENMP_CXXFLAGS='-fopenmp'
PACKAGE_BUGREPORT=''
PACKAGE_NAME='odpc'
PACKAGE_STRING='odpc 2.0.2'
PACKAGE_TARNAME='odpc'
PACKAGE_URL=''
PACKAGE_VERSION='2.0.2'
PATH_SEPARATOR=':'
RESTRICT_CFLAGS=''
RESTRICT_CXXFLAGS=''
SHELL='/bin/bash'
ac_ct_CC='gcc -std=gnu99'
ac_ct_CXX=''
bindir='${exec_prefix}/bin'
build_alias=''
datadir='${datarootdir}'
datarootdir='${prefix}/share'
docdir='${datarootdir}/doc/${PACKAGE_TARNAME}'
dvidir='${docdir}'
exec_prefix='${prefix}'
host_alias=''
htmldir='${docdir}'
includedir='${prefix}/include'
infodir='${datarootdir}/info'
libdir='${exec_prefix}/lib'
libexecdir='${exec_prefix}/libexec'
localedir='${datarootdir}/locale'
localstatedir='${prefix}/var'
mandir='${datarootdir}/man'
oldincludedir='/usr/include'
pdfdir='${docdir}'
prefix='/usr/local'
program_transform_name='s,x,x,'
psdir='${docdir}'
runstatedir='${localstatedir}/run'
sbindir='${exec_prefix}/sbin'
sharedstatedir='${prefix}/com'
sysconfdir='${prefix}/etc'
target_alias=''

## ----------- ##
## confdefs.h. ##
## ----------- ##

/* confdefs.h */
#define PACKAGE_NAME "odpc"
#define PACKAGE_TARNAME "odpc"
#define PACKAGE_VERSION "2.0.2"
#define PACKAGE_STRING "odpc 2.0.2"
#define PACKAGE_BUGREPORT ""
#define PACKAGE_URL ""
#define STDC_HEADERS 1
#define HAVE_SYS_TYPES_H 1
#define HAVE_SYS_STAT_H 1
#define HAVE_STDLIB_H 1
#define HAVE_STRING_H 1
#define HAVE_MEMORY_H 1
#define HAVE_STRINGS_H 1
#define HAVE_INTTYPES_H 1
#define HAVE_STDINT_H 1
#define HAVE_UNISTD_H 1
#define HAVE_STDINT_H 1
#define HAVE_INTTYPES_H 1
#define HAVE_LIMITS_H 1
#define HAVE_FLOAT_H 1
#define HAVE_OPENMP_C 1
#define HAVE_STDINT_H 1
#define HAVE_INTTYPES_H 1
#define HAVE_CLIMITS 1
#define HAVE_CFLOAT 1
#define RESTRICT /**/
#define RESTRICT __restrict__
#define HAVE_OPENMP_C 1

configure: exit 0
